2024-06-22 15:52:57 - Synchronization started.
2024-06-22 15:52:57 - Synchronization completed.
2024-06-22 16:27:28 - Synchronization completed successfully.
2024-06-22 16:28:08 - Copied file: source\Testing the sync.txt to replica\Testing the sync.txt
2024-06-22 16:28:08 - Synchronization completed successfully.
2024-06-22 16:28:31 - Deleted file: replica\Testing the sync.txt
2024-06-22 16:28:31 - Synchronization completed successfully.
2024-06-22 16:29:49 - Copied file: source\Moviflor.pdf to replica\Moviflor.pdf
2024-06-22 16:29:49 - Synchronization completed successfully.
2024-06-22 16:30:35 - Copied file: source\Moviflor - Copy (2).pdf to replica\Moviflor - Copy (2).pdf
2024-06-22 16:30:35 - Copied file: source\Moviflor - Copy (3).pdf to replica\Moviflor - Copy (3).pdf
2024-06-22 16:30:35 - Copied file: source\Moviflor - Copy (4).pdf to replica\Moviflor - Copy (4).pdf
2024-06-22 16:30:35 - Copied file: source\Moviflor - Copy (5).pdf to replica\Moviflor - Copy (5).pdf
2024-06-22 16:30:35 - Copied file: source\Moviflor - Copy.pdf to replica\Moviflor - Copy.pdf
2024-06-22 16:30:35 - Synchronization completed successfully.
2024-06-22 16:31:05 - Deleted file: replica\Moviflor - Copy (10).pdf
2024-06-22 16:31:05 - Deleted file: replica\Moviflor - Copy (11).pdf
2024-06-22 16:31:05 - Deleted file: replica\Moviflor - Copy (3).pdf
2024-06-22 16:31:05 - Deleted file: replica\Moviflor - Copy (6).pdf
2024-06-22 16:31:05 - Deleted file: replica\Moviflor - Copy (7).pdf
2024-06-22 16:31:05 - Deleted file: replica\Moviflor - Copy (8).pdf
2024-06-22 16:31:05 - Deleted file: replica\Moviflor - Copy (9).pdf
2024-06-22 16:31:05 - Synchronization completed successfully.
2024-06-22 16:31:29 - Deleted file: replica\Moviflor - Copy (2).pdf
2024-06-22 16:31:29 - Deleted file: replica\Moviflor - Copy (4).pdf
2024-06-22 16:31:29 - Deleted file: replica\Moviflor - Copy (5).pdf
2024-06-22 16:31:29 - Deleted file: replica\Moviflor - Copy.pdf
2024-06-22 16:31:29 - Deleted file: replica\Moviflor.pdf
2024-06-22 16:31:29 - Synchronization completed successfully.
2024-06-22 16:36:51 - Synchronization completed successfully.
2024-06-22 16:37:51 - Copied file: source\CSM_armas1.xlsx to replica\CSM_armas1.xlsx
2024-06-22 16:37:51 - Synchronization completed successfully.
2024-06-22 16:38:51 - Copied file: source\Europass_FranciscoPires_EN.pdf to replica\Europass_FranciscoPires_EN.pdf
2024-06-22 16:38:51 - Deleted file: replica\Brochura_Arreciadas_Abrantes.pdf
2024-06-22 16:38:51 - Synchronization completed successfully.
